<?xml version="1.0" encoding="UTF-8"?>
<!-- Generated by org.testng.reporters.JUnitReportReporter -->
<testsuite hostname="PFTBLR-RMZ-021" failures="0" tests="1" name="com.pft.qa.ChromeOptions" time="5.622" errors="0" timestamp="15 Jan 2020 07:03:06 GMT">
  <testcase classname="com.pft.qa.ChromeOptions" name="ChromeOptionsclass" time="5.622"/>
</testsuite> <!-- com.pft.qa.ChromeOptions -->
