<?xml version="1.0" encoding="UTF-8"?>
<!-- Generated by org.testng.reporters.JUnitReportReporter -->
<testsuite hostname="PFTBLR-RMZ-021" failures="0" tests="1" name="com.pft.qa.ClickHere" time="5.031" errors="0" timestamp="12 Feb 2020 08:03:06 GMT">
  <testcase classname="com.pft.qa.ClickHere" name="login" time="5.031"/>
</testsuite> <!-- com.pft.qa.ClickHere -->
