<?xml version="1.0" encoding="UTF-8"?>
<!-- Generated by org.testng.reporters.JUnitReportReporter -->
<testsuite hostname="PFTBLR-RMZ-021" failures="0" tests="2" name="com.pft.qa.MavenTestclass" time="0.002" errors="0" timestamp="4 Dec 2019 10:03:52 GMT">
  <testcase classname="com.pft.qa.MavenTestclass" name="MyMaventest" time="0.001"/>
  <testcase classname="com.pft.qa.MavenTestclass" name="MyMavenSecondclass" time="0.001"/>
</testsuite> <!-- com.pft.qa.MavenTestclass -->
