<?xml version="1.0" encoding="UTF-8"?>
<!-- Generated by org.testng.reporters.JUnitReportReporter -->
<testsuite hostname="PFTBLR-RMZ-021" failures="0" tests="1" name="com.pft.qa.LaunchBrowser" time="8.740" errors="0" timestamp="12 Jan 2021 13:45:55 GMT">
  <testcase classname="com.pft.qa.LaunchBrowser" name="Url" time="8.740"/>
</testsuite> <!-- com.pft.qa.LaunchBrowser -->
