<?xml version="1.0" encoding="UTF-8"?>
<!-- Generated by org.testng.reporters.JUnitReportReporter -->
<testsuite hostname="PFTBLR-RMZ-021" failures="0" tests="1" name="com.pft.qa.SendEmail" time="1.143" errors="0" timestamp="12 Feb 2020 05:39:14 GMT">
  <testcase classname="com.pft.qa.SendEmail" name="mail" time="1.143"/>
</testsuite> <!-- com.pft.qa.SendEmail -->
