<?xml version="1.0" encoding="UTF-8"?>
<!-- Generated by org.testng.reporters.JUnitReportReporter -->
<testsuite hostname="PFTBLR-RMZ-021" failures="0" tests="9" name="viacom18digital.VerifyLoginPage" time="675.257" errors="0" timestamp="18 Feb 2020 12:23:47 GMT">
  <testcase classname="viacom18digital.VerifyLoginPage" name="VerifyCatalogdashboard" time="246.133"/>
  <testcase classname="viacom18digital.VerifyLoginPage" name="LoginPagetest" time="115.963"/>
  <testcase classname="viacom18digital.VerifyLoginPage" name="VerifyqcPopup" time="0.555"/>
  <testcase classname="viacom18digital.VerifyLoginPage" name="UploadFile" time="34.889"/>
  <testcase classname="viacom18digital.VerifyLoginPage" name="HandlingFlash" time="1.284"/>
  <testcase classname="viacom18digital.VerifyLoginPage" name="LoginBCportal" time="263.549"/>
  <testcase classname="viacom18digital.VerifyLoginPage" name="Filters" time="10.064"/>
  <testcase classname="viacom18digital.VerifyLoginPage" name="QcLogin" time="2.328"/>
  <testcase classname="viacom18digital.VerifyLoginPage" name="LogoutCEportal" time="0.492"/>
</testsuite> <!-- viacom18digital.VerifyLoginPage -->
