<?xml version="1.0" encoding="UTF-8"?>
<!-- Generated by org.testng.reporters.JUnitReportReporter -->
<testsuite hostname="PFTBLR-RMZ-021" failures="0" tests="1" name="com.pft.qa.HandlingFlash" time="0.912" errors="0" timestamp="3 Feb 2020 09:52:12 GMT">
  <testcase classname="com.pft.qa.HandlingFlash" name="settings" time="0.912"/>
</testsuite> <!-- com.pft.qa.HandlingFlash -->
