<?xml version="1.0" encoding="UTF-8"?>
<!-- Generated by org.testng.reporters.JUnitReportReporter -->
<testsuite hostname="PFTBLR-RMZ-021" failures="0" tests="1" name="viacom18digital.GenericClass" time="1.435" errors="0" timestamp="5 Feb 2020 13:27:13 GMT">
  <testcase classname="viacom18digital.GenericClass" name="HandlingFlash" time="1.435"/>
</testsuite> <!-- viacom18digital.GenericClass -->
