<?xml version="1.0" encoding="UTF-8"?>
<!-- Generated by org.testng.reporters.JUnitReportReporter -->
<testsuite hostname="PFTBLR-RMZ-021" failures="0" tests="2" name="com.pft.qa.GenericClass" time="65.511" errors="0" timestamp="5 Dec 2019 06:52:11 GMT">
  <testcase classname="com.pft.qa.GenericClass" name="test" time="30.680"/>
  <testcase classname="com.pft.qa.GenericClass" name="test1" time="34.831"/>
</testsuite> <!-- com.pft.qa.GenericClass -->
