<?xml version="1.0" encoding="UTF-8"?>
<!-- Generated by org.testng.reporters.JUnitReportReporter -->
<testsuite hostname="PFTBLR-RMZ-021" failures="0" tests="9" name="viacom18digital.VerifyLoginPage" time="67.877" errors="0" timestamp="25 Feb 2020 10:18:37 GMT">
  <testcase classname="viacom18digital.VerifyLoginPage" name="LogoutCEportal" time="0.283"/>
  <testcase classname="viacom18digital.VerifyLoginPage" name="UploadFile" time="35.160"/>
  <testcase classname="viacom18digital.VerifyLoginPage" name="VerifyCatalogdashboard" time="4.220"/>
  <testcase classname="viacom18digital.VerifyLoginPage" name="LoginBCportal" time="12.258"/>
  <testcase classname="viacom18digital.VerifyLoginPage" name="Filters" time="10.244"/>
  <testcase classname="viacom18digital.VerifyLoginPage" name="VerifyqcPopup" time="0.445"/>
  <testcase classname="viacom18digital.VerifyLoginPage" name="HandlingFlash" time="1.046"/>
  <testcase classname="viacom18digital.VerifyLoginPage" name="LoginPagetest" time="2.594"/>
  <testcase classname="viacom18digital.VerifyLoginPage" name="QcLogin" time="1.627"/>
</testsuite> <!-- viacom18digital.VerifyLoginPage -->
